FtcRobotController/build/intermediates/manifest_merge_blame_file/debug/processDebugManifest/manifest-merger-blame-debug-report.txt
1<?xml version="1.0" encoding="utf-8"?>
2<manifest xmlns:android="http://schemas.android.com/apk/res/android"
3    xmlns:tools="http://schemas.android.com/tools"
4    package="com.qualcomm.ftcrobotcontroller"
5    android:versionCode="58"
6    android:versionName="10.2" >
7
8    <uses-sdk android:minSdkVersion="24" />
9
10    <uses-permission android:name="android.permission.RECEIVE_BOOT_COMPLETED" />
10-->src/main/AndroidManifest.xml:7:3-79
10-->src/main/AndroidManifest.xml:7:20-76
11
12    <application
12-->src/main/AndroidManifest.xml:9:3-77:17
13        android:allowBackup="true"
13-->src/main/AndroidManifest.xml:10:7-33
14        android:icon="@drawable/ic_launcher"
14-->src/main/AndroidManifest.xml:12:7-43
15        android:label="@string/app_name"
15-->src/main/AndroidManifest.xml:13:7-39
16        android:largeHeap="true"
16-->src/main/AndroidManifest.xml:11:7-31
17        android:theme="@style/AppThemeRedRC"
17-->src/main/AndroidManifest.xml:14:7-43
18        android:usesCleartextTraffic="true" >
18-->src/main/AndroidManifest.xml:15:7-42
19
20        <!-- Indicates to the ControlHubUpdater what the latest version of the Control Hub is that this app supports -->
21        <meta-data
21-->src/main/AndroidManifest.xml:18:5-20:29
22            android:name="org.firstinspires.latestSupportedControlHubVersion"
22-->src/main/AndroidManifest.xml:19:9-74
23            android:value="1" />
23-->src/main/AndroidManifest.xml:20:9-26
24
25        <!-- The main robot controller activity -->
26        <activity
26-->src/main/AndroidManifest.xml:23:5-34:16
27            android:name="org.firstinspires.ftc.robotcontroller.internal.PermissionValidatorWrapper"
27-->src/main/AndroidManifest.xml:23:15-103
28            android:configChanges="orientation|screenSize"
28-->src/main/AndroidManifest.xml:25:9-55
29            android:label="@string/app_name"
29-->src/main/AndroidManifest.xml:26:9-41
30            android:launchMode="singleTask"
30-->src/main/AndroidManifest.xml:27:9-40
31            android:screenOrientation="fullUser" >
31-->src/main/AndroidManifest.xml:24:9-45
32            <intent-filter>
32-->src/main/AndroidManifest.xml:29:7-32:23
33                <category android:name="android.intent.category.LAUNCHER" />
33-->src/main/AndroidManifest.xml:30:9-69
33-->src/main/AndroidManifest.xml:30:19-66
34
35                <action android:name="android.intent.action.MAIN" />
35-->src/main/AndroidManifest.xml:31:9-61
35-->src/main/AndroidManifest.xml:31:17-58
36            </intent-filter>
37        </activity>
38        <activity
38-->src/main/AndroidManifest.xml:36:5-55:16
39            android:name="org.firstinspires.ftc.robotcontroller.internal.FtcRobotControllerActivity"
39-->src/main/AndroidManifest.xml:37:9-97
40            android:configChanges="orientation|screenSize"
40-->src/main/AndroidManifest.xml:39:9-55
41            android:label="@string/app_name"
41-->src/main/AndroidManifest.xml:40:9-41
42            android:launchMode="singleTask"
42-->src/main/AndroidManifest.xml:41:9-40
43            android:screenOrientation="fullUser" >
43-->src/main/AndroidManifest.xml:38:9-45
44            <intent-filter>
44-->src/main/AndroidManifest.xml:43:7-45:23
45                <action android:name="android.hardware.usb.action.USB_DEVICE_ATTACHED" />
45-->src/main/AndroidManifest.xml:44:9-82
45-->src/main/AndroidManifest.xml:44:17-79
46            </intent-filter>
47
48            <meta-data
48-->src/main/AndroidManifest.xml:47:7-49:51
49                android:name="android.hardware.usb.action.USB_DEVICE_ATTACHED"
49-->src/main/AndroidManifest.xml:48:11-73
50                android:resource="@xml/device_filter" />
50-->src/main/AndroidManifest.xml:49:11-48
51
52            <!-- org.firstinspires.main.entry indicates that this app is compatible with the Dragonboard Control Hub -->
53            <meta-data
53-->src/main/AndroidManifest.xml:52:7-54:34
54                android:name="org.firstinspires.main.entry"
54-->src/main/AndroidManifest.xml:53:11-54
55                android:value="true" />
55-->src/main/AndroidManifest.xml:54:11-31
56        </activity>
57
58        <!-- The robot controller service in which most of the robot functionality is managed -->
59        <service
59-->src/main/AndroidManifest.xml:58:5-60:34
60            android:name="com.qualcomm.ftccommon.FtcRobotControllerService"
60-->src/main/AndroidManifest.xml:59:9-72
61            android:enabled="true" />
61-->src/main/AndroidManifest.xml:60:9-31
62
63        <!-- Assistant that autostarts the robot controller on android boot (if it's supposed to) -->
64        <receiver
64-->src/main/AndroidManifest.xml:64:5-75:16
65            android:name="org.firstinspires.ftc.ftccommon.internal.RunOnBoot"
65-->src/main/AndroidManifest.xml:67:9-74
66            android:enabled="true"
66-->src/main/AndroidManifest.xml:65:9-31
67            android:exported="true"
67-->src/main/AndroidManifest.xml:66:9-32
68            android:permission="android.permission.RECEIVE_BOOT_COMPLETED" >
68-->src/main/AndroidManifest.xml:68:9-71
69            <intent-filter>
69-->src/main/AndroidManifest.xml:70:7-74:23
70                <category android:name="android.intent.category.DEFAULT" />
70-->src/main/AndroidManifest.xml:71:9-68
70-->src/main/AndroidManifest.xml:71:19-65
71
72                <action android:name="android.intent.action.BOOT_COMPLETED" />
72-->src/main/AndroidManifest.xml:72:9-71
72-->src/main/AndroidManifest.xml:72:17-68
73                <action android:name="android.intent.action.QUICKBOOT_POWERON" />
73-->src/main/AndroidManifest.xml:73:9-74
73-->src/main/AndroidManifest.xml:73:17-71
74            </intent-filter>
75        </receiver>
76    </application>
77
78</manifest>